------------------------------------------------------------------------------------------------------------------------

[2025-03-06 12:02:16 #1 store] 
Database 'C:\Users\Leire\OneDrive - UPV EHU\Escritorio\SEGUNDO\2ºCUATRI\IS\Rides24\src\main\resources\rides.temp' is opened by 16192@LAPTOP-SJ70P6B5

------------------------------------------------------------------------------------------------------------------------

[2025-03-06 13:04:42 #1 store] 
Database 'C:\Users\Leire\OneDrive - UPV EHU\Escritorio\SEGUNDO\2ºCUATRI\IS\Rides24\src\main\resources\rides.temp' has been recovered (tr. 1-2)

[2025-03-06 13:04:42 #2 store] 
Database 'C:\Users\Leire\OneDrive - UPV EHU\Escritorio\SEGUNDO\2ºCUATRI\IS\Rides24\src\main\resources\rides.temp' is opened by 13468@LAPTOP-SJ70P6B5

[2025-03-06 13:05:17 #3 type.registry] 
New type domain.User

[2025-03-06 13:05:17 #4 type] 
Type domain.User is not enhanced.

[2025-03-06 13:05:17 #5 type.registry] 
New type domain.Ride

[2025-03-06 13:05:17 #6 type] 
Type domain.Ride is not enhanced.

[2025-03-06 13:05:17 #7 type.registry] 
New type domain.Driver

[2025-03-06 13:05:17 #8 type] 
Type domain.Driver is not enhanced.

[2025-03-06 13:05:42 #9 type.registry] 
New type java.util.Vector<java.lang.Object>

[2025-03-06 13:05:42 #10 type.registry] 
New type java.util.Vector<domain.Ride>

------------------------------------------------------------------------------------------------------------------------

[2025-03-06 13:16:10 #1 store] 
Database 'C:\Users\Leire\OneDrive - UPV EHU\Escritorio\SEGUNDO\2ºCUATRI\IS\Rides24\src\main\resources\rides.temp' has been recovered (tr. 3-6)

[2025-03-06 13:16:10 #2 store] 
Database 'C:\Users\Leire\OneDrive - UPV EHU\Escritorio\SEGUNDO\2ºCUATRI\IS\Rides24\src\main\resources\rides.temp' is opened by 7400@LAPTOP-SJ70P6B5

[2025-03-06 13:16:10 #3 type] 
Type domain.User is not enhanced.

[2025-03-06 13:16:10 #4 type] 
Type domain.Ride is not enhanced.

[2025-03-06 13:16:10 #5 type] 
Type domain.Driver is not enhanced.

------------------------------------------------------------------------------------------------------------------------

[2025-03-06 13:21:40 #1 store] 
Database 'C:\Users\Leire\OneDrive - UPV EHU\Escritorio\SEGUNDO\2ºCUATRI\IS\Rides24\src\main\resources\rides.temp' is opened by 7536@LAPTOP-SJ70P6B5

[2025-03-06 13:21:40 #2 type] 
Type domain.User is not enhanced.

[2025-03-06 13:21:40 #3 type] 
Type domain.Ride is not enhanced.

[2025-03-06 13:21:40 #4 type] 
Type domain.Driver is not enhanced.

------------------------------------------------------------------------------------------------------------------------

[2025-03-06 13:33:03 #1 store] 
Database 'C:\Users\Leire\OneDrive - UPV EHU\Escritorio\SEGUNDO\2ºCUATRI\IS\Rides24\src\main\resources\rides.temp' is opened by 16040@LAPTOP-SJ70P6B5

[2025-03-06 13:33:04 #2 type] 
Type domain.User is not enhanced.

[2025-03-06 13:33:04 #3 type] 
Type domain.Ride is not enhanced.

[2025-03-06 13:33:04 #4 type] 
Type domain.Driver is not enhanced.

------------------------------------------------------------------------------------------------------------------------

[2025-03-06 13:41:04 #1 store] 
Database 'C:\Users\Leire\OneDrive - UPV EHU\Escritorio\SEGUNDO\2ºCUATRI\IS\Rides24\src\main\resources\rides.temp' is opened by 15644@LAPTOP-SJ70P6B5

[2025-03-06 13:41:04 #2 type] 
Type domain.User is not enhanced.

[2025-03-06 13:41:04 #3 type] 
Type domain.Ride is not enhanced.

[2025-03-06 13:41:04 #4 type] 
Type domain.Driver is not enhanced.

------------------------------------------------------------------------------------------------------------------------

[2025-03-06 13:42:36 #1 store] 
Database 'C:\Users\Leire\OneDrive - UPV EHU\Escritorio\SEGUNDO\2ºCUATRI\IS\Rides24\src\main\resources\rides.temp' is opened by 10984@LAPTOP-SJ70P6B5

[2025-03-06 13:42:36 #2 type] 
Type domain.User is not enhanced.

[2025-03-06 13:42:36 #3 type] 
Type domain.Ride is not enhanced.

[2025-03-06 13:42:36 #4 type] 
Type domain.Driver is not enhanced.

------------------------------------------------------------------------------------------------------------------------

[2025-03-06 13:43:09 #1 store] 
Database 'C:\Users\Leire\OneDrive - UPV EHU\Escritorio\SEGUNDO\2ºCUATRI\IS\Rides24\src\main\resources\rides.temp' is opened by 3932@LAPTOP-SJ70P6B5

[2025-03-06 13:43:09 #2 type] 
Type domain.User is not enhanced.

[2025-03-06 13:43:09 #3 type] 
Type domain.Ride is not enhanced.

[2025-03-06 13:43:09 #4 type] 
Type domain.Driver is not enhanced.

